<?xml version="1.0" encoding="UTF-8"?>
<!-- Generated by org.testng.reporters.JUnitReportReporter -->
<testsuite hostname="ms.local" name="fullproject.radioandcheckbox" tests="2" failures="0" timestamp="5 Sep 2016 14:01:32 GMT" time="0.312" errors="0">
  <testcase name="f" time="0.162" classname="fullproject.radioandcheckbox"/>
  <testcase name="other" time="0.150" classname="fullproject.radioandcheckbox"/>
</testsuite> <!-- fullproject.radioandcheckbox -->
